[2023-05-22 20:32:42,585] (set_logging:INFO) Files stored in "fspace-inference/wandb/run-s3ph34z9/files".
[2023-05-22 20:32:43,184] (get_data_dir:DEBUG) Using default data directory from environment "/datasets".
[2023-05-22 20:32:43,288] (get_dataset:INFO) Loaded "fmnist".
[2023-05-22 20:32:43,346] (get_data_dir:DEBUG) Using default data directory from environment "/datasets".
[2023-05-22 20:32:43,430] (get_dataset:INFO) Loaded "kmnist".
[2023-05-22 20:33:15,501] (train_model:DEBUG) {'epoch': 0, 'batch_loss': 3.861842632293701, 'ce_loss': 2.3408429622650146, 'reg_loss': 304199.96875}
[2023-05-22 20:33:27,075] (train_model:DEBUG) {'epoch': 0, 'batch_loss': 0.5913863778114319, 'ce_loss': 0.5731961131095886, 'reg_loss': 3638.052734375}
[2023-05-22 20:33:38,690] (train_model:DEBUG) {'epoch': 0, 'batch_loss': 0.5469842553138733, 'ce_loss': 0.5245810747146606, 'reg_loss': 4480.63623046875}
[2023-05-22 20:33:50,341] (train_model:DEBUG) {'epoch': 0, 'batch_loss': 0.33533141016960144, 'ce_loss': 0.3244438171386719, 'reg_loss': 2177.52099609375}
[2023-05-22 20:34:17,226] (train_model:DEBUG) {'epoch': 1, 'batch_loss': 0.44446831941604614, 'ce_loss': 0.43032386898994446, 'reg_loss': 2828.889404296875}
[2023-05-22 20:34:28,947] (train_model:DEBUG) {'epoch': 1, 'batch_loss': 0.4714525043964386, 'ce_loss': 0.4613865315914154, 'reg_loss': 2013.1956787109375}
[2023-05-22 20:34:40,720] (train_model:DEBUG) {'epoch': 1, 'batch_loss': 0.3044078052043915, 'ce_loss': 0.29542022943496704, 'reg_loss': 1797.5174560546875}
[2023-05-22 20:34:52,505] (train_model:DEBUG) {'epoch': 1, 'batch_loss': 0.3520239293575287, 'ce_loss': 0.3375947177410126, 'reg_loss': 2885.841552734375}
[2023-05-22 20:35:04,499] (train_model:DEBUG) {'epoch': 2, 'batch_loss': 0.3387279212474823, 'ce_loss': 0.32465237379074097, 'reg_loss': 2815.11083984375}
[2023-05-22 20:35:16,323] (train_model:DEBUG) {'epoch': 2, 'batch_loss': 0.2649630606174469, 'ce_loss': 0.25655147433280945, 'reg_loss': 1682.31982421875}
[2023-05-22 20:35:28,164] (train_model:DEBUG) {'epoch': 2, 'batch_loss': 0.19471462070941925, 'ce_loss': 0.18483984470367432, 'reg_loss': 1974.95556640625}
[2023-05-22 20:35:40,037] (train_model:DEBUG) {'epoch': 2, 'batch_loss': 0.35052579641342163, 'ce_loss': 0.3408936858177185, 'reg_loss': 1926.4244384765625}
[2023-05-22 20:35:52,010] (train_model:DEBUG) {'epoch': 3, 'batch_loss': 0.23633024096488953, 'ce_loss': 0.2277238667011261, 'reg_loss': 1721.274658203125}
[2023-05-22 20:36:03,917] (train_model:DEBUG) {'epoch': 3, 'batch_loss': 0.2390926033258438, 'ce_loss': 0.22992753982543945, 'reg_loss': 1833.013427734375}
[2023-05-22 20:36:15,848] (train_model:DEBUG) {'epoch': 3, 'batch_loss': 0.15376055240631104, 'ce_loss': 0.14486068487167358, 'reg_loss': 1779.9736328125}
[2023-05-22 20:36:27,794] (train_model:DEBUG) {'epoch': 3, 'batch_loss': 0.32705846428871155, 'ce_loss': 0.3181963562965393, 'reg_loss': 1772.4219970703125}
[2023-05-22 20:36:39,846] (train_model:DEBUG) {'epoch': 4, 'batch_loss': 0.35485485196113586, 'ce_loss': 0.3473486304283142, 'reg_loss': 1501.245361328125}
[2023-05-22 20:36:51,801] (train_model:DEBUG) {'epoch': 4, 'batch_loss': 0.25910255312919617, 'ce_loss': 0.25103896856307983, 'reg_loss': 1612.715087890625}
[2023-05-22 20:37:03,775] (train_model:DEBUG) {'epoch': 4, 'batch_loss': 0.25387123227119446, 'ce_loss': 0.24556860327720642, 'reg_loss': 1660.52587890625}
[2023-05-22 20:37:15,759] (train_model:DEBUG) {'epoch': 4, 'batch_loss': 0.3243490159511566, 'ce_loss': 0.31535035371780396, 'reg_loss': 1799.7303466796875}
[2023-05-22 20:37:27,824] (train_model:DEBUG) {'epoch': 5, 'batch_loss': 0.1490728110074997, 'ce_loss': 0.14053869247436523, 'reg_loss': 1706.82470703125}
[2023-05-22 20:37:39,820] (train_model:DEBUG) {'epoch': 5, 'batch_loss': 0.1744401752948761, 'ce_loss': 0.1658313125371933, 'reg_loss': 1721.7724609375}
[2023-05-22 20:37:51,825] (train_model:DEBUG) {'epoch': 5, 'batch_loss': 0.25310203433036804, 'ce_loss': 0.2452698051929474, 'reg_loss': 1566.445556640625}
[2023-05-22 20:38:03,837] (train_model:DEBUG) {'epoch': 5, 'batch_loss': 0.21752062439918518, 'ce_loss': 0.21081006526947021, 'reg_loss': 1342.1123046875}
[2023-05-22 20:38:15,983] (train_model:DEBUG) {'epoch': 6, 'batch_loss': 0.1751171499490738, 'ce_loss': 0.16863137483596802, 'reg_loss': 1297.154296875}
[2023-05-22 20:38:28,008] (train_model:DEBUG) {'epoch': 6, 'batch_loss': 0.29215431213378906, 'ce_loss': 0.28486305475234985, 'reg_loss': 1458.2496337890625}
[2023-05-22 20:38:40,064] (train_model:DEBUG) {'epoch': 6, 'batch_loss': 0.17360538244247437, 'ce_loss': 0.1657576858997345, 'reg_loss': 1569.5401611328125}
[2023-05-22 20:38:52,124] (train_model:DEBUG) {'epoch': 6, 'batch_loss': 0.14604753255844116, 'ce_loss': 0.1379760205745697, 'reg_loss': 1614.3009033203125}
[2023-05-22 20:39:04,255] (train_model:DEBUG) {'epoch': 7, 'batch_loss': 0.16610127687454224, 'ce_loss': 0.15944263339042664, 'reg_loss': 1331.7286376953125}
[2023-05-22 20:39:16,324] (train_model:DEBUG) {'epoch': 7, 'batch_loss': 0.1735679656267166, 'ce_loss': 0.16577692329883575, 'reg_loss': 1558.209228515625}
[2023-05-22 20:39:28,400] (train_model:DEBUG) {'epoch': 7, 'batch_loss': 0.1391790360212326, 'ce_loss': 0.1307036280632019, 'reg_loss': 1695.0816650390625}
[2023-05-22 20:39:40,473] (train_model:DEBUG) {'epoch': 7, 'batch_loss': 0.20897161960601807, 'ce_loss': 0.2017345428466797, 'reg_loss': 1447.416259765625}
[2023-05-22 20:39:52,631] (train_model:DEBUG) {'epoch': 8, 'batch_loss': 0.11246751993894577, 'ce_loss': 0.1064063161611557, 'reg_loss': 1212.240234375}
[2023-05-22 20:40:04,705] (train_model:DEBUG) {'epoch': 8, 'batch_loss': 0.21905171871185303, 'ce_loss': 0.21157251298427582, 'reg_loss': 1495.841552734375}
[2023-05-22 20:40:16,779] (train_model:DEBUG) {'epoch': 8, 'batch_loss': 0.1919276863336563, 'ce_loss': 0.18425077199935913, 'reg_loss': 1535.3831787109375}
[2023-05-22 20:40:28,861] (train_model:DEBUG) {'epoch': 8, 'batch_loss': 0.182012677192688, 'ce_loss': 0.17393982410430908, 'reg_loss': 1614.5703125}
[2023-05-22 20:40:41,024] (train_model:DEBUG) {'epoch': 9, 'batch_loss': 0.19391366839408875, 'ce_loss': 0.1866520792245865, 'reg_loss': 1452.317626953125}
[2023-05-22 20:40:53,126] (train_model:DEBUG) {'epoch': 9, 'batch_loss': 0.21535047888755798, 'ce_loss': 0.20672649145126343, 'reg_loss': 1724.7972412109375}
[2023-05-22 20:41:05,228] (train_model:DEBUG) {'epoch': 9, 'batch_loss': 0.2914242446422577, 'ce_loss': 0.28396373987197876, 'reg_loss': 1492.09912109375}
[2023-05-22 20:41:17,332] (train_model:DEBUG) {'epoch': 9, 'batch_loss': 0.20346085727214813, 'ce_loss': 0.19498732686042786, 'reg_loss': 1694.70556640625}
[2023-05-22 20:41:35,769] (main:DEBUG) {'epoch': 9, 'acc': 0.9085999727249146, 'avg_nll': 0.2652353346347809, 'avg_ent': 0.23362480103969574}
[2023-05-22 20:41:35,809] (full_eval_model:INFO) Computing train metrics...
[2023-05-22 20:42:46,021] (full_eval_model:DEBUG) {'acc': 0.928879976272583, 'sel_acc': 98.92988586425781, 'avg_nll': 0.2002795785665512, 'avg_ent': 0.22061602771282196, 'ece': 0.003980751252174378}
[2023-05-22 20:42:46,021] (full_eval_model:INFO) Computing test metrics...
[2023-05-22 20:43:39,164] (full_eval_model:DEBUG) {'acc': 0.9074999690055847, 'sel_acc': 98.30836486816406, 'avg_nll': 0.2745131254196167, 'avg_ent': 0.2327621728181839, 'ece': 0.02036015933007002}
[2023-05-22 20:43:39,164] (full_eval_model:INFO) Computing validation metrics...
[2023-05-22 20:43:47,816] (full_eval_model:DEBUG) {'acc': 0.9085999727249146, 'sel_acc': 98.34266662597656, 'avg_nll': 0.2652353346347809, 'avg_ent': 0.23362480103969574, 'ece': 0.016954568862915038}
[2023-05-22 20:43:49,288] (train_model:DEBUG) {'epoch': 10, 'batch_loss': 0.14743484556674957, 'ce_loss': 0.14087307453155518, 'reg_loss': 1312.355224609375}
[2023-05-22 20:44:01,054] (train_model:DEBUG) {'epoch': 10, 'batch_loss': 0.1372191607952118, 'ce_loss': 0.1280033439397812, 'reg_loss': 1843.1646728515625}
[2023-05-22 20:44:12,855] (train_model:DEBUG) {'epoch': 10, 'batch_loss': 0.13532274961471558, 'ce_loss': 0.1279705911874771, 'reg_loss': 1470.4322509765625}
[2023-05-22 20:44:24,670] (train_model:DEBUG) {'epoch': 10, 'batch_loss': 0.20696085691452026, 'ce_loss': 0.19828951358795166, 'reg_loss': 1734.2701416015625}
[2023-05-22 20:44:36,800] (train_model:DEBUG) {'epoch': 11, 'batch_loss': 0.12771645188331604, 'ce_loss': 0.120607390999794, 'reg_loss': 1421.8126220703125}
[2023-05-22 20:44:48,690] (train_model:DEBUG) {'epoch': 11, 'batch_loss': 0.10669923573732376, 'ce_loss': 0.10005379468202591, 'reg_loss': 1329.0887451171875}
[2023-05-22 20:45:00,603] (train_model:DEBUG) {'epoch': 11, 'batch_loss': 0.15595509111881256, 'ce_loss': 0.1472279280424118, 'reg_loss': 1745.4320068359375}
[2023-05-22 20:45:12,535] (train_model:DEBUG) {'epoch': 11, 'batch_loss': 0.1426040530204773, 'ce_loss': 0.13455671072006226, 'reg_loss': 1609.467041015625}
[2023-05-22 20:45:24,738] (train_model:DEBUG) {'epoch': 12, 'batch_loss': 0.16637009382247925, 'ce_loss': 0.1587907373905182, 'reg_loss': 1515.8704833984375}
[2023-05-22 20:45:36,692] (train_model:DEBUG) {'epoch': 12, 'batch_loss': 0.19587059319019318, 'ce_loss': 0.18757690489292145, 'reg_loss': 1658.73828125}
[2023-05-22 20:45:48,658] (train_model:DEBUG) {'epoch': 12, 'batch_loss': 0.14792625606060028, 'ce_loss': 0.13948771357536316, 'reg_loss': 1687.7093505859375}
[2023-05-22 20:46:00,635] (train_model:DEBUG) {'epoch': 12, 'batch_loss': 0.15014566481113434, 'ce_loss': 0.14123249053955078, 'reg_loss': 1782.633544921875}
[2023-05-22 20:46:12,892] (train_model:DEBUG) {'epoch': 13, 'batch_loss': 0.18337863683700562, 'ce_loss': 0.1749364137649536, 'reg_loss': 1688.443115234375}
[2023-05-22 20:46:24,884] (train_model:DEBUG) {'epoch': 13, 'batch_loss': 0.10560828447341919, 'ce_loss': 0.09697006642818451, 'reg_loss': 1727.6444091796875}
[2023-05-22 20:46:36,888] (train_model:DEBUG) {'epoch': 13, 'batch_loss': 0.16652312874794006, 'ce_loss': 0.15805117785930634, 'reg_loss': 1694.3909912109375}
[2023-05-22 20:46:48,896] (train_model:DEBUG) {'epoch': 13, 'batch_loss': 0.1483634114265442, 'ce_loss': 0.13856874406337738, 'reg_loss': 1958.933349609375}
[2023-05-22 20:47:01,198] (train_model:DEBUG) {'epoch': 14, 'batch_loss': 0.11665008217096329, 'ce_loss': 0.10726340115070343, 'reg_loss': 1877.335693359375}
[2023-05-22 20:47:13,209] (train_model:DEBUG) {'epoch': 14, 'batch_loss': 0.12955807149410248, 'ce_loss': 0.1197223961353302, 'reg_loss': 1967.1363525390625}
[2023-05-22 20:47:25,229] (train_model:DEBUG) {'epoch': 14, 'batch_loss': 0.1127946674823761, 'ce_loss': 0.10423184186220169, 'reg_loss': 1712.5645751953125}
[2023-05-22 20:47:37,278] (train_model:DEBUG) {'epoch': 14, 'batch_loss': 0.11535850167274475, 'ce_loss': 0.10806018114089966, 'reg_loss': 1459.6634521484375}
[2023-05-22 20:47:49,578] (train_model:DEBUG) {'epoch': 15, 'batch_loss': 0.16076470911502838, 'ce_loss': 0.15333908796310425, 'reg_loss': 1485.125244140625}
[2023-05-22 20:48:01,635] (train_model:DEBUG) {'epoch': 15, 'batch_loss': 0.15147633850574493, 'ce_loss': 0.14242041110992432, 'reg_loss': 1811.185546875}
[2023-05-22 20:48:13,693] (train_model:DEBUG) {'epoch': 15, 'batch_loss': 0.08987583965063095, 'ce_loss': 0.0817822515964508, 'reg_loss': 1618.7174072265625}
[2023-05-22 20:48:25,756] (train_model:DEBUG) {'epoch': 15, 'batch_loss': 0.06581012159585953, 'ce_loss': 0.057981815189123154, 'reg_loss': 1565.6610107421875}
[2023-05-22 20:48:38,110] (train_model:DEBUG) {'epoch': 16, 'batch_loss': 0.09739784151315689, 'ce_loss': 0.089121975004673, 'reg_loss': 1655.173095703125}
[2023-05-22 20:48:50,185] (train_model:DEBUG) {'epoch': 16, 'batch_loss': 0.14247098565101624, 'ce_loss': 0.1290675401687622, 'reg_loss': 2680.68994140625}
[2023-05-22 20:49:02,262] (train_model:DEBUG) {'epoch': 16, 'batch_loss': 0.1307608038187027, 'ce_loss': 0.12200562655925751, 'reg_loss': 1751.035888671875}
[2023-05-22 20:49:14,340] (train_model:DEBUG) {'epoch': 16, 'batch_loss': 0.14639544486999512, 'ce_loss': 0.13759253919124603, 'reg_loss': 1760.5797119140625}
[2023-05-22 20:49:26,675] (train_model:DEBUG) {'epoch': 17, 'batch_loss': 0.17547176778316498, 'ce_loss': 0.1683480441570282, 'reg_loss': 1424.7451171875}
[2023-05-22 20:49:38,767] (train_model:DEBUG) {'epoch': 17, 'batch_loss': 0.07685868442058563, 'ce_loss': 0.06759388744831085, 'reg_loss': 1852.959716796875}
[2023-05-22 20:49:50,852] (train_model:DEBUG) {'epoch': 17, 'batch_loss': 0.19190281629562378, 'ce_loss': 0.18094633519649506, 'reg_loss': 2191.29736328125}
[2023-05-22 20:50:02,945] (train_model:DEBUG) {'epoch': 17, 'batch_loss': 0.09874184429645538, 'ce_loss': 0.09047640860080719, 'reg_loss': 1653.0872802734375}
[2023-05-22 20:50:15,306] (train_model:DEBUG) {'epoch': 18, 'batch_loss': 0.13018926978111267, 'ce_loss': 0.12251599878072739, 'reg_loss': 1534.655517578125}
[2023-05-22 20:50:27,402] (train_model:DEBUG) {'epoch': 18, 'batch_loss': 0.06615050137042999, 'ce_loss': 0.056631751358509064, 'reg_loss': 1903.7503662109375}
[2023-05-22 20:50:39,497] (train_model:DEBUG) {'epoch': 18, 'batch_loss': 0.17301449179649353, 'ce_loss': 0.16312181949615479, 'reg_loss': 1978.5352783203125}
[2023-05-22 20:50:51,597] (train_model:DEBUG) {'epoch': 18, 'batch_loss': 0.14598339796066284, 'ce_loss': 0.1367865353822708, 'reg_loss': 1839.372314453125}
[2023-05-22 20:51:03,956] (train_model:DEBUG) {'epoch': 19, 'batch_loss': 0.07514592260122299, 'ce_loss': 0.06520188599824905, 'reg_loss': 1988.80712890625}
[2023-05-22 20:51:16,055] (train_model:DEBUG) {'epoch': 19, 'batch_loss': 0.05404627323150635, 'ce_loss': 0.044359009712934494, 'reg_loss': 1937.453125}
[2023-05-22 20:51:28,150] (train_model:DEBUG) {'epoch': 19, 'batch_loss': 0.19591693580150604, 'ce_loss': 0.18561974167823792, 'reg_loss': 2059.439453125}
[2023-05-22 20:51:40,250] (train_model:DEBUG) {'epoch': 19, 'batch_loss': 0.10273410379886627, 'ce_loss': 0.09443024545907974, 'reg_loss': 1660.77099609375}
[2023-05-22 20:51:54,935] (main:DEBUG) {'epoch': 19, 'acc': 0.9246000051498413, 'avg_nll': 0.2240809202194214, 'avg_ent': 0.1980479657649994}
[2023-05-22 20:51:54,964] (full_eval_model:INFO) Computing train metrics...
[2023-05-22 20:52:09,347] (full_eval_model:DEBUG) {'acc': 0.9731400012969971, 'sel_acc': 99.71160125732422, 'avg_nll': 0.08778103440999985, 'avg_ent': 0.16264426708221436, 'ece': 0.01926806118965149}
[2023-05-22 20:52:09,347] (full_eval_model:INFO) Computing test metrics...
[2023-05-22 20:52:17,720] (full_eval_model:DEBUG) {'acc': 0.9226999878883362, 'sel_acc': 98.81303405761719, 'avg_nll': 0.23508945107460022, 'avg_ent': 0.19926448166370392, 'ece': 0.017482856491208076}
[2023-05-22 20:52:17,720] (full_eval_model:INFO) Computing validation metrics...
[2023-05-22 20:52:26,408] (full_eval_model:DEBUG) {'acc': 0.9246000051498413, 'sel_acc': 98.83024597167969, 'avg_nll': 0.2240809202194214, 'avg_ent': 0.1980479657649994, 'ece': 0.016016309806704522}
[2023-05-22 20:52:27,849] (train_model:DEBUG) {'epoch': 20, 'batch_loss': 0.11539560556411743, 'ce_loss': 0.10591486096382141, 'reg_loss': 1896.1497802734375}
[2023-05-22 20:52:39,790] (train_model:DEBUG) {'epoch': 20, 'batch_loss': 0.08807725459337234, 'ce_loss': 0.07803791016340256, 'reg_loss': 2007.8687744140625}
[2023-05-22 20:52:51,753] (train_model:DEBUG) {'epoch': 20, 'batch_loss': 0.09495304524898529, 'ce_loss': 0.08472272753715515, 'reg_loss': 2046.063232421875}
[2023-05-22 20:53:03,738] (train_model:DEBUG) {'epoch': 20, 'batch_loss': 0.09642457962036133, 'ce_loss': 0.08687295019626617, 'reg_loss': 1910.3251953125}
[2023-05-22 20:53:16,008] (train_model:DEBUG) {'epoch': 21, 'batch_loss': 0.05214212089776993, 'ce_loss': 0.042632125318050385, 'reg_loss': 1901.999267578125}
[2023-05-22 20:53:28,014] (train_model:DEBUG) {'epoch': 21, 'batch_loss': 0.057940978556871414, 'ce_loss': 0.04947514459490776, 'reg_loss': 1693.1669921875}
[2023-05-22 20:53:40,057] (train_model:DEBUG) {'epoch': 21, 'batch_loss': 0.11727648973464966, 'ce_loss': 0.10588956624269485, 'reg_loss': 2277.38427734375}
[2023-05-22 20:53:52,110] (train_model:DEBUG) {'epoch': 21, 'batch_loss': 0.0650261864066124, 'ce_loss': 0.05590565875172615, 'reg_loss': 1824.1058349609375}
[2023-05-22 20:54:04,493] (train_model:DEBUG) {'epoch': 22, 'batch_loss': 0.055575162172317505, 'ce_loss': 0.0448836050927639, 'reg_loss': 2138.311279296875}
[2023-05-22 20:54:16,560] (train_model:DEBUG) {'epoch': 22, 'batch_loss': 0.08893384039402008, 'ce_loss': 0.07827562838792801, 'reg_loss': 2131.642578125}
[2023-05-22 20:54:28,634] (train_model:DEBUG) {'epoch': 22, 'batch_loss': 0.06665530800819397, 'ce_loss': 0.05663171410560608, 'reg_loss': 2004.718017578125}
[2023-05-22 20:54:40,712] (train_model:DEBUG) {'epoch': 22, 'batch_loss': 0.057942334562540054, 'ce_loss': 0.04688001796603203, 'reg_loss': 2212.46337890625}
[2023-05-22 20:54:53,097] (train_model:DEBUG) {'epoch': 23, 'batch_loss': 0.032867349684238434, 'ce_loss': 0.024447482079267502, 'reg_loss': 1683.9735107421875}
[2023-05-22 20:55:05,174] (train_model:DEBUG) {'epoch': 23, 'batch_loss': 0.06979916989803314, 'ce_loss': 0.05862293392419815, 'reg_loss': 2235.246826171875}
[2023-05-22 20:55:17,257] (train_model:DEBUG) {'epoch': 23, 'batch_loss': 0.08662568777799606, 'ce_loss': 0.07719513773918152, 'reg_loss': 1886.1103515625}
[2023-05-22 20:55:29,342] (train_model:DEBUG) {'epoch': 23, 'batch_loss': 0.05686187744140625, 'ce_loss': 0.04664463549852371, 'reg_loss': 2043.44873046875}
[2023-05-22 20:55:41,694] (train_model:DEBUG) {'epoch': 24, 'batch_loss': 0.06113596260547638, 'ce_loss': 0.052727289497852325, 'reg_loss': 1681.7342529296875}
[2023-05-22 20:55:53,784] (train_model:DEBUG) {'epoch': 24, 'batch_loss': 0.02027306891977787, 'ce_loss': 0.0091835493221879, 'reg_loss': 2217.904052734375}
[2023-05-22 20:56:05,873] (train_model:DEBUG) {'epoch': 24, 'batch_loss': 0.03915216401219368, 'ce_loss': 0.028968600556254387, 'reg_loss': 2036.7125244140625}
[2023-05-22 20:56:17,963] (train_model:DEBUG) {'epoch': 24, 'batch_loss': 0.11222242563962936, 'ce_loss': 0.10216770321130753, 'reg_loss': 2010.9439697265625}
[2023-05-22 20:56:30,396] (train_model:DEBUG) {'epoch': 25, 'batch_loss': 0.06591227650642395, 'ce_loss': 0.056297846138477325, 'reg_loss': 1922.8863525390625}
[2023-05-22 20:56:42,490] (train_model:DEBUG) {'epoch': 25, 'batch_loss': 0.01471901684999466, 'ce_loss': 0.0070390827022492886, 'reg_loss': 1535.9869384765625}
[2023-05-22 20:56:54,580] (train_model:DEBUG) {'epoch': 25, 'batch_loss': 0.09046246856451035, 'ce_loss': 0.08087659627199173, 'reg_loss': 1917.1739501953125}
[2023-05-22 20:57:06,672] (train_model:DEBUG) {'epoch': 25, 'batch_loss': 0.0738685131072998, 'ce_loss': 0.06066347658634186, 'reg_loss': 2641.006591796875}
[2023-05-22 20:57:19,137] (train_model:DEBUG) {'epoch': 26, 'batch_loss': 0.07555674016475677, 'ce_loss': 0.06585384905338287, 'reg_loss': 1940.578857421875}
[2023-05-22 20:57:31,225] (train_model:DEBUG) {'epoch': 26, 'batch_loss': 0.040007129311561584, 'ce_loss': 0.03009011223912239, 'reg_loss': 1983.403076171875}
[2023-05-22 20:57:43,316] (train_model:DEBUG) {'epoch': 26, 'batch_loss': 0.02431546524167061, 'ce_loss': 0.012995432130992413, 'reg_loss': 2264.0068359375}
[2023-05-22 20:57:55,423] (train_model:DEBUG) {'epoch': 26, 'batch_loss': 0.030825801193714142, 'ce_loss': 0.019377514719963074, 'reg_loss': 2289.6572265625}
[2023-05-22 20:58:07,793] (train_model:DEBUG) {'epoch': 27, 'batch_loss': 0.036297403275966644, 'ce_loss': 0.025752123445272446, 'reg_loss': 2109.05615234375}
[2023-05-22 20:58:19,888] (train_model:DEBUG) {'epoch': 27, 'batch_loss': 0.03018457069993019, 'ce_loss': 0.02090337872505188, 'reg_loss': 1856.2386474609375}
[2023-05-22 20:58:31,988] (train_model:DEBUG) {'epoch': 27, 'batch_loss': 0.0423695370554924, 'ce_loss': 0.03350812941789627, 'reg_loss': 1772.2818603515625}
[2023-05-22 20:58:44,088] (train_model:DEBUG) {'epoch': 27, 'batch_loss': 0.05334337428212166, 'ce_loss': 0.042836327105760574, 'reg_loss': 2101.409423828125}
[2023-05-22 20:58:56,436] (train_model:DEBUG) {'epoch': 28, 'batch_loss': 0.08335959911346436, 'ce_loss': 0.07319920510053635, 'reg_loss': 2032.0782470703125}
[2023-05-22 20:59:08,546] (train_model:DEBUG) {'epoch': 28, 'batch_loss': 0.028619585558772087, 'ce_loss': 0.01863929256796837, 'reg_loss': 1996.05859375}
[2023-05-22 20:59:20,654] (train_model:DEBUG) {'epoch': 28, 'batch_loss': 0.0186467245221138, 'ce_loss': 0.009040828794240952, 'reg_loss': 1921.178955078125}
[2023-05-22 20:59:32,765] (train_model:DEBUG) {'epoch': 28, 'batch_loss': 0.036443889141082764, 'ce_loss': 0.02797059901058674, 'reg_loss': 1694.6578369140625}
[2023-05-22 20:59:45,107] (train_model:DEBUG) {'epoch': 29, 'batch_loss': 0.01480785571038723, 'ce_loss': 0.007259044796228409, 'reg_loss': 1509.7620849609375}
[2023-05-22 20:59:57,222] (train_model:DEBUG) {'epoch': 29, 'batch_loss': 0.045020442456007004, 'ce_loss': 0.03311127424240112, 'reg_loss': 2381.83349609375}
[2023-05-22 21:00:09,329] (train_model:DEBUG) {'epoch': 29, 'batch_loss': 0.01960633508861065, 'ce_loss': 0.007824352011084557, 'reg_loss': 2356.396728515625}
[2023-05-22 21:00:21,436] (train_model:DEBUG) {'epoch': 29, 'batch_loss': 0.033137667924165726, 'ce_loss': 0.025318875908851624, 'reg_loss': 1563.7586669921875}
[2023-05-22 21:00:36,126] (main:DEBUG) {'epoch': 29, 'acc': 0.9274999499320984, 'avg_nll': 0.2637481689453125, 'avg_ent': 0.11791156977415085}
[2023-05-22 21:00:36,147] (full_eval_model:INFO) Computing train metrics...
[2023-05-22 21:00:48,355] (full_eval_model:DEBUG) {'acc': 0.991919994354248, 'sel_acc': 99.87906646728516, 'avg_nll': 0.028047818690538406, 'avg_ent': 0.06307743489742279, 'ece': 0.00652353526711464}
[2023-05-22 21:00:48,356] (full_eval_model:INFO) Computing test metrics...
[2023-05-22 21:00:56,429] (full_eval_model:DEBUG) {'acc': 0.9267999529838562, 'sel_acc': 98.61294555664062, 'avg_nll': 0.2685143053531647, 'avg_ent': 0.11589077860116959, 'ece': 0.039747001814842225}
[2023-05-22 21:00:56,430] (full_eval_model:INFO) Computing validation metrics...
[2023-05-22 21:01:03,940] (full_eval_model:DEBUG) {'acc': 0.9274999499320984, 'sel_acc': 98.6734390258789, 'avg_nll': 0.2637481689453125, 'avg_ent': 0.11791156977415085, 'ece': 0.03817065136432647}
[2023-05-22 21:01:05,416] (train_model:DEBUG) {'epoch': 30, 'batch_loss': 0.017533905804157257, 'ce_loss': 0.008404213935136795, 'reg_loss': 1825.9383544921875}
[2023-05-22 21:01:17,389] (train_model:DEBUG) {'epoch': 30, 'batch_loss': 0.02034403383731842, 'ce_loss': 0.012003163807094097, 'reg_loss': 1668.1741943359375}
[2023-05-22 21:01:29,368] (train_model:DEBUG) {'epoch': 30, 'batch_loss': 0.025154951959848404, 'ce_loss': 0.014487657696008682, 'reg_loss': 2133.458740234375}
[2023-05-22 21:01:41,366] (train_model:DEBUG) {'epoch': 30, 'batch_loss': 0.018087536096572876, 'ce_loss': 0.009264696389436722, 'reg_loss': 1764.5682373046875}
[2023-05-22 21:01:53,741] (train_model:DEBUG) {'epoch': 31, 'batch_loss': 0.01980123482644558, 'ce_loss': 0.008611677214503288, 'reg_loss': 2237.91162109375}
[2023-05-22 21:02:05,779] (train_model:DEBUG) {'epoch': 31, 'batch_loss': 0.02459188736975193, 'ce_loss': 0.017323048785328865, 'reg_loss': 1453.7677001953125}
[2023-05-22 21:02:17,835] (train_model:DEBUG) {'epoch': 31, 'batch_loss': 0.021341796964406967, 'ce_loss': 0.012826655060052872, 'reg_loss': 1703.0284423828125}
[2023-05-22 21:02:29,897] (train_model:DEBUG) {'epoch': 31, 'batch_loss': 0.041755206882953644, 'ce_loss': 0.03128597512841225, 'reg_loss': 2093.8466796875}
[2023-05-22 21:02:42,239] (train_model:DEBUG) {'epoch': 32, 'batch_loss': 0.014726500026881695, 'ce_loss': 0.00494511891156435, 'reg_loss': 1956.2762451171875}
[2023-05-22 21:02:54,303] (train_model:DEBUG) {'epoch': 32, 'batch_loss': 0.013770748861134052, 'ce_loss': 0.00505467876791954, 'reg_loss': 1743.2139892578125}
[2023-05-22 21:03:06,379] (train_model:DEBUG) {'epoch': 32, 'batch_loss': 0.012291793711483479, 'ce_loss': 0.0047532650642097, 'reg_loss': 1507.705810546875}
[2023-05-22 21:03:18,456] (train_model:DEBUG) {'epoch': 32, 'batch_loss': 0.019011978060007095, 'ce_loss': 0.011350460350513458, 'reg_loss': 1532.3035888671875}
[2023-05-22 21:03:30,828] (train_model:DEBUG) {'epoch': 33, 'batch_loss': 0.01142585463821888, 'ce_loss': 0.005115702748298645, 'reg_loss': 1262.030517578125}
[2023-05-22 21:03:42,918] (train_model:DEBUG) {'epoch': 33, 'batch_loss': 0.010476257652044296, 'ce_loss': 0.002828835044056177, 'reg_loss': 1529.484619140625}
[2023-05-22 21:03:55,007] (train_model:DEBUG) {'epoch': 33, 'batch_loss': 0.011882305145263672, 'ce_loss': 0.006017444655299187, 'reg_loss': 1172.9720458984375}
[2023-05-22 21:04:07,111] (train_model:DEBUG) {'epoch': 33, 'batch_loss': 0.008649743162095547, 'ce_loss': 0.00312153366394341, 'reg_loss': 1105.6419677734375}
[2023-05-22 21:04:19,484] (train_model:DEBUG) {'epoch': 34, 'batch_loss': 0.010419821366667747, 'ce_loss': 0.00390091584995389, 'reg_loss': 1303.781005859375}
[2023-05-22 21:04:31,580] (train_model:DEBUG) {'epoch': 34, 'batch_loss': 0.010456846095621586, 'ce_loss': 0.00399848772212863, 'reg_loss': 1291.6717529296875}
[2023-05-22 21:04:43,675] (train_model:DEBUG) {'epoch': 34, 'batch_loss': 0.009218469262123108, 'ce_loss': 0.0031284610740840435, 'reg_loss': 1218.001708984375}
[2023-05-22 21:04:55,781] (train_model:DEBUG) {'epoch': 34, 'batch_loss': 0.008161832578480244, 'ce_loss': 0.0033861605916172266, 'reg_loss': 955.1344604492188}
[2023-05-22 21:05:08,239] (train_model:DEBUG) {'epoch': 35, 'batch_loss': 0.01056650374084711, 'ce_loss': 0.0035210144706070423, 'reg_loss': 1409.097900390625}
[2023-05-22 21:05:20,335] (train_model:DEBUG) {'epoch': 35, 'batch_loss': 0.008697032928466797, 'ce_loss': 0.0027857846580445766, 'reg_loss': 1182.2496337890625}
[2023-05-22 21:05:32,431] (train_model:DEBUG) {'epoch': 35, 'batch_loss': 0.009633826091885567, 'ce_loss': 0.00428030826151371, 'reg_loss': 1070.7034912109375}
[2023-05-22 21:05:44,531] (train_model:DEBUG) {'epoch': 35, 'batch_loss': 0.009339158423244953, 'ce_loss': 0.003882804187014699, 'reg_loss': 1091.2708740234375}
[2023-05-22 21:05:56,995] (train_model:DEBUG) {'epoch': 36, 'batch_loss': 0.00948161818087101, 'ce_loss': 0.0029197758994996548, 'reg_loss': 1312.368408203125}
[2023-05-22 21:06:09,088] (train_model:DEBUG) {'epoch': 36, 'batch_loss': 0.008587857708334923, 'ce_loss': 0.0025190068408846855, 'reg_loss': 1213.770263671875}
[2023-05-22 21:06:21,186] (train_model:DEBUG) {'epoch': 36, 'batch_loss': 0.007423842791467905, 'ce_loss': 0.0025869165547192097, 'reg_loss': 967.3853149414062}
[2023-05-22 21:06:33,290] (train_model:DEBUG) {'epoch': 36, 'batch_loss': 0.008935833349823952, 'ce_loss': 0.0027367714792490005, 'reg_loss': 1239.8125}
[2023-05-22 21:06:45,696] (train_model:DEBUG) {'epoch': 37, 'batch_loss': 0.0072786398231983185, 'ce_loss': 0.002295466372743249, 'reg_loss': 996.634765625}
[2023-05-22 21:06:57,793] (train_model:DEBUG) {'epoch': 37, 'batch_loss': 0.007248793262988329, 'ce_loss': 0.0024398406967520714, 'reg_loss': 961.79052734375}
[2023-05-22 21:07:09,888] (train_model:DEBUG) {'epoch': 37, 'batch_loss': 0.01141866110265255, 'ce_loss': 0.004032676108181477, 'reg_loss': 1477.1968994140625}
[2023-05-22 21:07:21,985] (train_model:DEBUG) {'epoch': 37, 'batch_loss': 0.008077390491962433, 'ce_loss': 0.002433088840916753, 'reg_loss': 1128.8603515625}
[2023-05-22 21:07:34,364] (train_model:DEBUG) {'epoch': 38, 'batch_loss': 0.008129761554300785, 'ce_loss': 0.002294770674780011, 'reg_loss': 1166.998291015625}
[2023-05-22 21:07:46,465] (train_model:DEBUG) {'epoch': 38, 'batch_loss': 0.008202130906283855, 'ce_loss': 0.002996868221089244, 'reg_loss': 1041.0526123046875}
[2023-05-22 21:07:58,570] (train_model:DEBUG) {'epoch': 38, 'batch_loss': 0.007010921835899353, 'ce_loss': 0.0024165732320398092, 'reg_loss': 918.8697509765625}
[2023-05-22 21:08:10,681] (train_model:DEBUG) {'epoch': 38, 'batch_loss': 0.008738121017813683, 'ce_loss': 0.002884374000132084, 'reg_loss': 1170.74951171875}
[2023-05-22 21:08:23,093] (train_model:DEBUG) {'epoch': 39, 'batch_loss': 0.007704691030085087, 'ce_loss': 0.0030940333381295204, 'reg_loss': 922.1315307617188}
[2023-05-22 21:08:35,194] (train_model:DEBUG) {'epoch': 39, 'batch_loss': 0.005946372635662556, 'ce_loss': 0.00217592716217041, 'reg_loss': 754.0890502929688}
[2023-05-22 21:08:47,299] (train_model:DEBUG) {'epoch': 39, 'batch_loss': 0.0067686885595321655, 'ce_loss': 0.0024012401700019836, 'reg_loss': 873.48974609375}
[2023-05-22 21:08:59,403] (train_model:DEBUG) {'epoch': 39, 'batch_loss': 0.00628184899687767, 'ce_loss': 0.002047210931777954, 'reg_loss': 846.9276123046875}
[2023-05-22 21:09:14,133] (main:DEBUG) {'epoch': 39, 'acc': 0.9408999681472778, 'avg_nll': 0.25309106707572937, 'avg_ent': 0.07362940162420273}
[2023-05-22 21:09:14,173] (full_eval_model:INFO) Computing train metrics...
[2023-05-22 21:09:21,427] (full_eval_model:DEBUG) {'acc': 1.0, 'sel_acc': 99.89997100830078, 'avg_nll': 0.0018332215258851647, 'avg_ent': 0.016881486400961876, 'ece': 0.0018306374549865723}
[2023-05-22 21:09:21,427] (full_eval_model:INFO) Computing test metrics...
[2023-05-22 21:09:30,837] (full_eval_model:DEBUG) {'acc': 0.9419999718666077, 'sel_acc': 99.14977264404297, 'avg_nll': 0.2647162079811096, 'avg_ent': 0.06845513731241226, 'ece': 0.04120994171500206}
[2023-05-22 21:09:30,838] (full_eval_model:INFO) Computing validation metrics...
[2023-05-22 21:09:37,742] (full_eval_model:DEBUG) {'acc': 0.9408999681472778, 'sel_acc': 99.22362518310547, 'avg_nll': 0.25309106707572937, 'avg_ent': 0.07362940162420273, 'ece': 0.03926779729276895}
[2023-05-22 21:09:39,282] (train_model:DEBUG) {'epoch': 40, 'batch_loss': 0.0064726038835942745, 'ce_loss': 0.0022617396898567677, 'reg_loss': 842.1728515625}
[2023-05-22 21:09:51,256] (train_model:DEBUG) {'epoch': 40, 'batch_loss': 0.006999670527875423, 'ce_loss': 0.0019056012388318777, 'reg_loss': 1018.8138427734375}
[2023-05-22 21:10:03,239] (train_model:DEBUG) {'epoch': 40, 'batch_loss': 0.007051786407828331, 'ce_loss': 0.0022166261915117502, 'reg_loss': 967.0321044921875}
[2023-05-22 21:10:15,249] (train_model:DEBUG) {'epoch': 40, 'batch_loss': 0.006344878580421209, 'ce_loss': 0.0023491638712584972, 'reg_loss': 799.1429443359375}
[2023-05-22 21:10:27,603] (train_model:DEBUG) {'epoch': 41, 'batch_loss': 0.005955813452601433, 'ce_loss': 0.002253039041534066, 'reg_loss': 740.554931640625}
[2023-05-22 21:10:39,646] (train_model:DEBUG) {'epoch': 41, 'batch_loss': 0.006338079925626516, 'ce_loss': 0.002528662793338299, 'reg_loss': 761.8834228515625}
[2023-05-22 21:10:51,701] (train_model:DEBUG) {'epoch': 41, 'batch_loss': 0.006918440572917461, 'ce_loss': 0.0020239290315657854, 'reg_loss': 978.9022827148438}
[2023-05-22 21:11:03,764] (train_model:DEBUG) {'epoch': 41, 'batch_loss': 0.006088919006288052, 'ce_loss': 0.0020178172271698713, 'reg_loss': 814.2203369140625}
[2023-05-22 21:11:16,256] (train_model:DEBUG) {'epoch': 42, 'batch_loss': 0.007966999895870686, 'ce_loss': 0.0031157268676906824, 'reg_loss': 970.2546997070312}
[2023-05-22 21:11:28,325] (train_model:DEBUG) {'epoch': 42, 'batch_loss': 0.007511042058467865, 'ce_loss': 0.002856607548892498, 'reg_loss': 930.8869018554688}
[2023-05-22 21:11:40,400] (train_model:DEBUG) {'epoch': 42, 'batch_loss': 0.006815052125602961, 'ce_loss': 0.003191468771547079, 'reg_loss': 724.7166748046875}
[2023-05-22 21:11:52,480] (train_model:DEBUG) {'epoch': 42, 'batch_loss': 0.00661857845261693, 'ce_loss': 0.002383615355938673, 'reg_loss': 846.99267578125}
[2023-05-22 21:12:04,898] (train_model:DEBUG) {'epoch': 43, 'batch_loss': 0.008114286698400974, 'ce_loss': 0.0031363877933472395, 'reg_loss': 995.579833984375}
[2023-05-22 21:12:16,980] (train_model:DEBUG) {'epoch': 43, 'batch_loss': 0.006708928849548101, 'ce_loss': 0.0025711446069180965, 'reg_loss': 827.556884765625}
[2023-05-22 21:12:29,070] (train_model:DEBUG) {'epoch': 43, 'batch_loss': 0.006743297912180424, 'ce_loss': 0.0031119969207793474, 'reg_loss': 726.2601928710938}
[2023-05-22 21:12:41,168] (train_model:DEBUG) {'epoch': 43, 'batch_loss': 0.006025122012943029, 'ce_loss': 0.002382512204349041, 'reg_loss': 728.52197265625}
[2023-05-22 21:12:53,727] (train_model:DEBUG) {'epoch': 44, 'batch_loss': 0.006460318807512522, 'ce_loss': 0.002043402288109064, 'reg_loss': 883.38330078125}
[2023-05-22 21:13:05,820] (train_model:DEBUG) {'epoch': 44, 'batch_loss': 0.005980271380394697, 'ce_loss': 0.002072550356388092, 'reg_loss': 781.544189453125}
[2023-05-22 21:13:17,913] (train_model:DEBUG) {'epoch': 44, 'batch_loss': 0.0057323044165968895, 'ce_loss': 0.0021737779024988413, 'reg_loss': 711.7052612304688}
[2023-05-22 21:13:30,006] (train_model:DEBUG) {'epoch': 44, 'batch_loss': 0.005176624748855829, 'ce_loss': 0.002081990474835038, 'reg_loss': 618.9268798828125}
[2023-05-22 21:13:42,503] (train_model:DEBUG) {'epoch': 45, 'batch_loss': 0.0055818092077970505, 'ce_loss': 0.0020296352449804544, 'reg_loss': 710.434814453125}
[2023-05-22 21:13:54,608] (train_model:DEBUG) {'epoch': 45, 'batch_loss': 0.0068890973925590515, 'ce_loss': 0.0019615287892520428, 'reg_loss': 985.5137329101562}
[2023-05-22 21:14:06,708] (train_model:DEBUG) {'epoch': 45, 'batch_loss': 0.005435504950582981, 'ce_loss': 0.0019233968341723084, 'reg_loss': 702.421630859375}
[2023-05-22 21:14:18,811] (train_model:DEBUG) {'epoch': 45, 'batch_loss': 0.006248150952160358, 'ce_loss': 0.002175787929445505, 'reg_loss': 814.4725952148438}
[2023-05-22 21:14:31,254] (train_model:DEBUG) {'epoch': 46, 'batch_loss': 0.00603521429002285, 'ce_loss': 0.002434469759464264, 'reg_loss': 720.1488647460938}
[2023-05-22 21:14:43,356] (train_model:DEBUG) {'epoch': 46, 'batch_loss': 0.006868134252727032, 'ce_loss': 0.002594989724457264, 'reg_loss': 854.62890625}
[2023-05-22 21:14:55,466] (train_model:DEBUG) {'epoch': 46, 'batch_loss': 0.004823743365705013, 'ce_loss': 0.001963520422577858, 'reg_loss': 572.0446166992188}
[2023-05-22 21:15:07,570] (train_model:DEBUG) {'epoch': 46, 'batch_loss': 0.006566145922988653, 'ce_loss': 0.0020978557877242565, 'reg_loss': 893.6580200195312}
[2023-05-22 21:15:20,043] (train_model:DEBUG) {'epoch': 47, 'batch_loss': 0.00636106776073575, 'ce_loss': 0.0020080036483705044, 'reg_loss': 870.6128540039062}
[2023-05-22 21:15:32,143] (train_model:DEBUG) {'epoch': 47, 'batch_loss': 0.0061183529905974865, 'ce_loss': 0.002012406475841999, 'reg_loss': 821.1893310546875}
[2023-05-22 21:15:44,233] (train_model:DEBUG) {'epoch': 47, 'batch_loss': 0.005670222453773022, 'ce_loss': 0.0018294753972440958, 'reg_loss': 768.1494750976562}
[2023-05-22 21:15:56,339] (train_model:DEBUG) {'epoch': 47, 'batch_loss': 0.006613926496356726, 'ce_loss': 0.002306165173649788, 'reg_loss': 861.5523071289062}
[2023-05-22 21:16:08,847] (train_model:DEBUG) {'epoch': 48, 'batch_loss': 0.007232696283608675, 'ce_loss': 0.002957770600914955, 'reg_loss': 854.9851684570312}
[2023-05-22 21:16:20,940] (train_model:DEBUG) {'epoch': 48, 'batch_loss': 0.006360628176480532, 'ce_loss': 0.0020666690543293953, 'reg_loss': 858.7918090820312}
[2023-05-22 21:16:33,036] (train_model:DEBUG) {'epoch': 48, 'batch_loss': 0.0061745792627334595, 'ce_loss': 0.0019158237846568227, 'reg_loss': 851.7510986328125}
[2023-05-22 21:16:45,132] (train_model:DEBUG) {'epoch': 48, 'batch_loss': 0.006142947822809219, 'ce_loss': 0.0025422824546694756, 'reg_loss': 720.133056640625}
[2023-05-22 21:16:57,616] (train_model:DEBUG) {'epoch': 49, 'batch_loss': 0.007296915166079998, 'ce_loss': 0.0020709920208901167, 'reg_loss': 1045.1846923828125}
[2023-05-22 21:17:09,718] (train_model:DEBUG) {'epoch': 49, 'batch_loss': 0.00536310626193881, 'ce_loss': 0.0019231096375733614, 'reg_loss': 687.9993286132812}
[2023-05-22 21:17:21,818] (train_model:DEBUG) {'epoch': 49, 'batch_loss': 0.005502577405422926, 'ce_loss': 0.0021543893963098526, 'reg_loss': 669.6376342773438}
[2023-05-22 21:17:33,924] (train_model:DEBUG) {'epoch': 49, 'batch_loss': 0.005404631607234478, 'ce_loss': 0.0018223733641207218, 'reg_loss': 716.4515991210938}
[2023-05-22 21:17:48,721] (main:DEBUG) {'epoch': 49, 'acc': 0.9417999982833862, 'avg_nll': 0.2606724500656128, 'avg_ent': 0.06605365872383118}
[2023-05-22 21:17:48,754] (full_eval_model:INFO) Computing train metrics...
[2023-05-22 21:17:56,473] (full_eval_model:DEBUG) {'acc': 1.0, 'sel_acc': 99.89997100830078, 'avg_nll': 0.0014967137249186635, 'avg_ent': 0.014193280600011349, 'ece': 0.0014951825141906738}
[2023-05-22 21:17:56,474] (full_eval_model:INFO) Computing test metrics...
[2023-05-22 21:18:03,124] (full_eval_model:DEBUG) {'acc': 0.9432999491691589, 'sel_acc': 99.18408203125, 'avg_nll': 0.2715951204299927, 'avg_ent': 0.06166110187768936, 'ece': 0.04067452566027641}
[2023-05-22 21:18:03,125] (full_eval_model:INFO) Computing validation metrics...
[2023-05-22 21:18:10,078] (full_eval_model:DEBUG) {'acc': 0.9417999982833862, 'sel_acc': 99.25370025634766, 'avg_nll': 0.2606724500656128, 'avg_ent': 0.06605365872383118, 'ece': 0.041165084594488144}
[2023-05-22 21:18:10,448] (full_eval_model:INFO) Computing train metrics...
[2023-05-22 21:18:17,263] (full_eval_model:DEBUG) {'acc': 1.0, 'sel_acc': 99.89997100830078, 'avg_nll': 0.0014967134920880198, 'avg_ent': 0.014193280600011349, 'ece': 0.0014952421188354492}
[2023-05-22 21:18:17,263] (full_eval_model:INFO) Computing test metrics...
[2023-05-22 21:18:20,452] (full_eval_model:DEBUG) {'acc': 0.9432999491691589, 'sel_acc': 99.18408203125, 'avg_nll': 0.2715951204299927, 'avg_ent': 0.06166110187768936, 'ece': 0.04067452566027641}
[2023-05-22 21:18:20,452] (full_eval_model:INFO) Computing validation metrics...
[2023-05-22 21:18:22,883] (full_eval_model:DEBUG) {'acc': 0.9417999982833862, 'sel_acc': 99.25370025634766, 'avg_nll': 0.2606724500656128, 'avg_ent': 0.06605365872383118, 'ece': 0.041165084594488144}
